android/app/build/intermediates/manifest_merge_blame_file/debug/manifest-merger-blame-debug-report.txt
1<?xml version="1.0" encoding="utf-8"?>
2<manifest xmlns:android="http://schemas.android.com/apk/res/android"
3    package="com.deltaClass.TTLed"
4    android:versionCode="1"
5    android:versionName="1.0.0" >
6
7    <uses-sdk
8        android:minSdkVersion="21"
9        android:targetSdkVersion="29" />
10
11    <uses-permission android:name="android.permission.SYSTEM_ALERT_WINDOW" />
11-->src/main/AndroidManifest.xml:7:3-75
11-->src/main/AndroidManifest.xml:7:20-73
12    <uses-permission android:name="android.permission.BLUETOOTH" />
12-->src/main/AndroidManifest.xml:2:3-65
12-->src/main/AndroidManifest.xml:2:20-63
13    <uses-permission android:name="android.permission.BLUETOOTH_ADMIN" />
13-->src/main/AndroidManifest.xml:3:3-71
13-->src/main/AndroidManifest.xml:3:20-69
14
15    <uses-permission-sdk-23 android:name="android.permission.ACCESS_COARSE_LOCATION" />
15-->src/main/AndroidManifest.xml:4:3-85
15-->src/main/AndroidManifest.xml:4:27-83
16
17    <uses-feature
17-->src/main/AndroidManifest.xml:5:3-87
18        android:name="android.hardware.bluetooth_le"
18-->src/main/AndroidManifest.xml:5:17-61
19        android:required="true" />
19-->src/main/AndroidManifest.xml:5:62-85
20
21    <uses-permission android:name="android.permission.INTERNET" />
21-->src/main/AndroidManifest.xml:6:3-64
21-->src/main/AndroidManifest.xml:6:20-62
22    <uses-permission android:name="android.permission.READ_PHONE_STATE" />
22-->src/main/AndroidManifest.xml:8:3-72
22-->src/main/AndroidManifest.xml:8:20-70
23    <uses-permission android:name="android.permission.USE_FINGERPRINT" />
23-->src/main/AndroidManifest.xml:9:3-71
23-->src/main/AndroidManifest.xml:9:20-69
24    <uses-permission android:name="android.permission.USE_BIOMETRIC" />
24-->src/main/AndroidManifest.xml:10:3-69
24-->src/main/AndroidManifest.xml:10:20-67
25    <uses-permission android:name="android.permission.VIBRATE" />
25-->src/main/AndroidManifest.xml:11:3-63
25-->src/main/AndroidManifest.xml:11:20-61
26    <uses-permission android:name="android.permission.MODIFY_AUDIO_SETTINGS" />
26-->src/main/AndroidManifest.xml:12:3-77
26-->src/main/AndroidManifest.xml:12:20-75
27    <uses-permission android:name="android.permission.ACCESS_COARSE_LOCATION" />
27-->src/main/AndroidManifest.xml:13:3-78
27-->src/main/AndroidManifest.xml:13:20-76
28    <uses-permission android:name="android.permission.ACCESS_FINE_LOCATION" />
28-->src/main/AndroidManifest.xml:14:3-76
28-->src/main/AndroidManifest.xml:14:20-74
29    <uses-permission android:name="android.permission.ACCESS_BACKGROUND_LOCATION" />
29-->src/main/AndroidManifest.xml:15:3-82
29-->src/main/AndroidManifest.xml:15:20-80
30    <uses-permission android:name="android.permission.CAMERA" />
30-->src/main/AndroidManifest.xml:16:3-62
30-->src/main/AndroidManifest.xml:16:20-60
31    <uses-permission android:name="android.permission.RECORD_AUDIO" />
31-->src/main/AndroidManifest.xml:17:3-68
31-->src/main/AndroidManifest.xml:17:20-66
32    <uses-permission android:name="android.permission.READ_CONTACTS" />
32-->src/main/AndroidManifest.xml:18:3-69
32-->src/main/AndroidManifest.xml:18:20-67
33    <uses-permission android:name="android.permission.WRITE_CONTACTS" />
33-->src/main/AndroidManifest.xml:19:3-70
33-->src/main/AndroidManifest.xml:19:20-68
34    <uses-permission android:name="android.permission.READ_CALENDAR" />
34-->src/main/AndroidManifest.xml:20:3-69
34-->src/main/AndroidManifest.xml:20:20-67
35    <uses-permission android:name="android.permission.WRITE_CALENDAR" />
35-->src/main/AndroidManifest.xml:21:3-70
35-->src/main/AndroidManifest.xml:21:20-68
36    <uses-permission android:name="android.permission.READ_EXTERNAL_STORAGE" />
36-->src/main/AndroidManifest.xml:22:3-77
36-->src/main/AndroidManifest.xml:22:20-75
37    <uses-permission android:name="android.permission.WRITE_EXTERNAL_STORAGE" />
37-->src/main/AndroidManifest.xml:23:3-78
37-->src/main/AndroidManifest.xml:23:20-76
38    <uses-permission android:name="android.permission.WRITE_SETTINGS" />
38-->src/main/AndroidManifest.xml:24:3-70
38-->src/main/AndroidManifest.xml:24:20-68
39    <uses-permission android:name="android.permission.ACCESS_NETWORK_STATE" />
39-->src/main/AndroidManifest.xml:25:3-76
39-->src/main/AndroidManifest.xml:25:20-74
40    <uses-permission android:name="android.permission.WAKE_LOCK" />
40-->src/main/AndroidManifest.xml:26:3-65
40-->src/main/AndroidManifest.xml:26:20-63
41    <uses-permission android:name="com.google.android.c2dm.permission.RECEIVE" />
41-->src/main/AndroidManifest.xml:27:3-79
41-->src/main/AndroidManifest.xml:27:20-77
42    <uses-permission android:name="android.permission.ACCESS_WIFI_STATE" />
42-->[com.facebook.flipper:flipper:0.54.0] AndroidManifest.xml:16:5-76
42-->[com.facebook.flipper:flipper:0.54.0] AndroidManifest.xml:16:22-73
43    <uses-permission android:name="android.permission.FOREGROUND_SERVICE" />
43-->[:expo-location] AndroidManifest.xml:13:5-77
43-->[:expo-location] AndroidManifest.xml:13:22-74
44
45    <uses-permission-sdk-23 android:name="android.permission.ACCESS_FINE_LOCATION" />
45-->[com.polidea.rxandroidble:rxandroidble:1.7.1] AndroidManifest.xml:15:5-86
45-->[com.polidea.rxandroidble:rxandroidble:1.7.1] AndroidManifest.xml:15:29-83
46
47    <uses-permission android:name="com.google.android.finsky.permission.BIND_GET_INSTALL_REFERRER_SERVICE" />
47-->[com.android.installreferrer:installreferrer:1.0] AndroidManifest.xml:9:5-110
47-->[com.android.installreferrer:installreferrer:1.0] AndroidManifest.xml:9:22-107
48    <uses-permission android:name="com.google.android.providers.gsf.permission.READ_GSERVICES" />
48-->[io.nlopez.smartlocation:library:3.2.11] AndroidManifest.xml:15:5-98
48-->[io.nlopez.smartlocation:library:3.2.11] AndroidManifest.xml:15:22-95
49    <uses-permission android:name="com.google.android.gms.permission.ACTIVITY_RECOGNITION" />
49-->[io.nlopez.smartlocation:library:3.2.11] AndroidManifest.xml:16:5-94
49-->[io.nlopez.smartlocation:library:3.2.11] AndroidManifest.xml:16:22-91
50
51    <application
51-->src/main/AndroidManifest.xml:28:3-46:17
52        android:name="com.deltaClass.TTLed.MainApplication"
52-->src/main/AndroidManifest.xml:28:16-47
53        android:allowBackup="true"
53-->src/main/AndroidManifest.xml:28:162-188
54        android:appComponentFactory="androidx.core.app.CoreComponentFactory"
54-->[androidx.core:core:1.3.0] AndroidManifest.xml:24:18-86
55        android:debuggable="true"
56        android:icon="@mipmap/ic_launcher"
56-->src/main/AndroidManifest.xml:28:81-115
57        android:label="@string/app_name"
57-->src/main/AndroidManifest.xml:28:48-80
58        android:roundIcon="@mipmap/ic_launcher_round"
58-->src/main/AndroidManifest.xml:28:116-161
59        android:theme="@style/AppTheme"
59-->src/main/AndroidManifest.xml:28:189-220
60        android:usesCleartextTraffic="true" >
60-->src/debug/AndroidManifest.xml:6:18-53
61        <meta-data
61-->src/main/AndroidManifest.xml:29:5-93
62            android:name="expo.modules.updates.EXPO_SDK_VERSION"
62-->src/main/AndroidManifest.xml:29:16-68
63            android:value="40.0.0" />
63-->src/main/AndroidManifest.xml:29:69-91
64        <meta-data
64-->src/main/AndroidManifest.xml:30:5-82
65            android:name="expo.modules.updates.ENABLED"
65-->src/main/AndroidManifest.xml:30:16-59
66            android:value="true" />
66-->src/main/AndroidManifest.xml:30:60-80
67        <meta-data
67-->src/main/AndroidManifest.xml:31:5-105
68            android:name="expo.modules.updates.EXPO_UPDATES_CHECK_ON_LAUNCH"
68-->src/main/AndroidManifest.xml:31:16-80
69            android:value="ALWAYS" />
69-->src/main/AndroidManifest.xml:31:81-103
70        <meta-data
70-->src/main/AndroidManifest.xml:32:5-99
71            android:name="expo.modules.updates.EXPO_UPDATES_LAUNCH_WAIT_MS"
71-->src/main/AndroidManifest.xml:32:16-79
72            android:value="0" />
72-->src/main/AndroidManifest.xml:32:80-97
73
74        <activity
74-->src/main/AndroidManifest.xml:33:5-44:16
75            android:name="com.deltaClass.TTLed.MainActivity"
75-->src/main/AndroidManifest.xml:33:15-43
76            android:configChanges="keyboard|keyboardHidden|orientation|screenSize|uiMode"
76-->src/main/AndroidManifest.xml:33:77-154
77            android:label="@string/app_name"
77-->src/main/AndroidManifest.xml:33:44-76
78            android:launchMode="singleTask"
78-->src/main/AndroidManifest.xml:33:155-186
79            android:screenOrientation="portrait"
79-->src/main/AndroidManifest.xml:33:276-312
80            android:theme="@style/Theme.App.SplashScreen"
80-->src/main/AndroidManifest.xml:33:230-275
81            android:windowSoftInputMode="adjustResize" >
81-->src/main/AndroidManifest.xml:33:187-229
82            <intent-filter>
82-->src/main/AndroidManifest.xml:34:7-37:23
83                <action android:name="android.intent.action.MAIN" />
83-->src/main/AndroidManifest.xml:35:9-60
83-->src/main/AndroidManifest.xml:35:17-58
84
85                <category android:name="android.intent.category.LAUNCHER" />
85-->src/main/AndroidManifest.xml:36:9-68
85-->src/main/AndroidManifest.xml:36:19-66
86            </intent-filter>
87            <intent-filter>
87-->src/main/AndroidManifest.xml:38:7-43:23
88                <action android:name="android.intent.action.VIEW" />
88-->src/main/AndroidManifest.xml:39:9-60
88-->src/main/AndroidManifest.xml:39:17-58
89
90                <category android:name="android.intent.category.DEFAULT" />
90-->src/main/AndroidManifest.xml:40:9-67
90-->src/main/AndroidManifest.xml:40:19-65
91                <category android:name="android.intent.category.BROWSABLE" />
91-->src/main/AndroidManifest.xml:41:9-69
91-->src/main/AndroidManifest.xml:41:19-67
92
93                <data android:scheme="com.deltaClass.TTLed" />
93-->src/main/AndroidManifest.xml:42:9-54
93-->src/main/AndroidManifest.xml:42:15-52
94            </intent-filter>
95        </activity>
96        <activity android:name="com.facebook.react.devsupport.DevSettingsActivity" />
96-->src/main/AndroidManifest.xml:45:5-81
96-->src/main/AndroidManifest.xml:45:15-79
97
98        <meta-data
98-->[:unimodules-react-native-adapter] AndroidManifest.xml:12:9-14:91
99            android:name="org.unimodules.core.AppLoader#react-native-headless"
99-->[:unimodules-react-native-adapter] AndroidManifest.xml:13:13-79
100            android:value="org.unimodules.adapters.react.apploader.RNHeadlessAppLoader" />
100-->[:unimodules-react-native-adapter] AndroidManifest.xml:14:13-88
101
102        <provider
102-->[:expo-file-system] AndroidManifest.xml:17:9-26:20
103            android:name="expo.modules.filesystem.FileSystemFileProvider"
103-->[:expo-file-system] AndroidManifest.xml:18:13-74
104            android:authorities="com.deltaClass.TTLed.FileSystemFileProvider"
104-->[:expo-file-system] AndroidManifest.xml:19:13-74
105            android:exported="false"
105-->[:expo-file-system] AndroidManifest.xml:20:13-37
106            android:grantUriPermissions="true" >
106-->[:expo-file-system] AndroidManifest.xml:21:13-47
107            <meta-data
107-->[:expo-file-system] AndroidManifest.xml:23:13-25:70
108                android:name="android.support.FILE_PROVIDER_PATHS"
108-->[:expo-file-system] AndroidManifest.xml:24:17-67
109                android:resource="@xml/file_system_provider_paths" />
109-->[:expo-file-system] AndroidManifest.xml:25:17-67
110        </provider>
111
112        <service
112-->[:expo-location] AndroidManifest.xml:16:9-18:40
113            android:name="expo.modules.location.services.LocationTaskService"
113-->[:expo-location] AndroidManifest.xml:17:13-78
114            android:exported="false" />
114-->[:expo-location] AndroidManifest.xml:18:13-37
115
116        <activity
116-->[com.google.android.gms:play-services-base:16.0.1] AndroidManifest.xml:23:9-26:75
117            android:name="com.google.android.gms.common.api.GoogleApiActivity"
117-->[com.google.android.gms:play-services-base:16.0.1] AndroidManifest.xml:24:13-79
118            android:exported="false"
118-->[com.google.android.gms:play-services-base:16.0.1] AndroidManifest.xml:25:13-37
119            android:theme="@android:style/Theme.Translucent.NoTitleBar" />
119-->[com.google.android.gms:play-services-base:16.0.1] AndroidManifest.xml:26:13-72
120
121        <meta-data
121-->[com.google.android.gms:play-services-basement:16.0.1] AndroidManifest.xml:23:9-25:69
122            android:name="com.google.android.gms.version"
122-->[com.google.android.gms:play-services-basement:16.0.1] AndroidManifest.xml:24:13-58
123            android:value="@integer/google_play_services_version" />
123-->[com.google.android.gms:play-services-basement:16.0.1] AndroidManifest.xml:25:13-66
124
125        <service
125-->[androidx.room:room-runtime:2.1.0] AndroidManifest.xml:25:9-27:40
126            android:name="androidx.room.MultiInstanceInvalidationService"
126-->[androidx.room:room-runtime:2.1.0] AndroidManifest.xml:26:13-74
127            android:exported="false" />
127-->[androidx.room:room-runtime:2.1.0] AndroidManifest.xml:27:13-37
128        <service
128-->[io.nlopez.smartlocation:library:3.2.11] AndroidManifest.xml:19:9-21:40
129            android:name="io.nlopez.smartlocation.activity.providers.ActivityGooglePlayServicesProvider$ActivityRecognitionService"
129-->[io.nlopez.smartlocation:library:3.2.11] AndroidManifest.xml:20:13-132
130            android:exported="false" />
130-->[io.nlopez.smartlocation:library:3.2.11] AndroidManifest.xml:21:13-37
131        <service
131-->[io.nlopez.smartlocation:library:3.2.11] AndroidManifest.xml:22:9-24:40
132            android:name="io.nlopez.smartlocation.geofencing.providers.GeofencingGooglePlayServicesProvider$GeofencingService"
132-->[io.nlopez.smartlocation:library:3.2.11] AndroidManifest.xml:23:13-127
133            android:exported="false" />
133-->[io.nlopez.smartlocation:library:3.2.11] AndroidManifest.xml:24:13-37
134        <service
134-->[io.nlopez.smartlocation:library:3.2.11] AndroidManifest.xml:25:9-27:40
135            android:name="io.nlopez.smartlocation.geocoding.providers.AndroidGeocodingProvider$AndroidGeocodingService"
135-->[io.nlopez.smartlocation:library:3.2.11] AndroidManifest.xml:26:13-120
136            android:exported="false" />
136-->[io.nlopez.smartlocation:library:3.2.11] AndroidManifest.xml:27:13-37
137    </application>
138
139</manifest>